<?xml version="1.0" encoding="UTF-8"?>
<!-- Generated by org.testng.reporters.JUnitXMLReporter -->
<testsuite ignored="0" hostname="LAPTOP-UD4LBO6R" failures="0" tests="6" name="Command line test" time="0.048" errors="0" timestamp="2020-04-14T01:11:24 PDT">
  <testcase classname="qaclickacademy.AppuimTest" name="androidTestcase" time="0.004"/>
  <testcase classname="qaclickacademy.AppuimTest" name="iOSTestcase" time="0.0"/>
  <testcase classname="qaclickacademy.RestAPITest" name="restAPITestcase1" time="0.0"/>
  <testcase classname="qaclickacademy.RestAPITest" name="restAPITestcase2" time="0.0"/>
  <testcase classname="qaclickacademy.TestSelenium" name="browserAutomation" time="0.001"/>
  <testcase classname="qaclickacademy.TestSelenium" name="webelementsUi" time="0.001"/>
</testsuite> <!-- Command line test -->
