<?xml version="1.0" encoding="UTF-8"?>
<!-- Generated by org.testng.reporters.JUnitXMLReporter -->
<testsuite ignored="0" hostname="LAPTOP-UD4LBO6R" failures="0" tests="4" name="Test" time="0.047" errors="0" timestamp="2020-04-14T01:14:12 PDT">
  <testcase classname="qaclickacademy.TestSelenium" name="browserAutomation" time="0.005"/>
  <testcase classname="qaclickacademy.TestSelenium" name="webelementsUi" time="0.0"/>
  <testcase classname="qaclickacademy.RestAPITest" name="restAPITestcase1" time="0.0"/>
  <testcase classname="qaclickacademy.RestAPITest" name="restAPITestcase2" time="0.0"/>
</testsuite> <!-- Test -->
